# JRE version: OpenJDK Runtime Environment Temurin-21.0.10+7 (21.0.10+7) (build 21.0.10+7-LTS)
# Java VM: OpenJDK 64-Bit Server VM Temurin-21.0.10+7 (21.0.10+7-LTS, mixed mode, sharing, tiered, compressed oops, compressed class ptrs, parallel gc, windows-amd64)
GC Precious Log:
 CardTable entry size: 512
 CPUs: 8 total, 8 available
 Memory: 5877M
 Large Page Support: Disabled
 NUMA Support: Disabled
 Compressed Oops: Enabled (32-bit)
 Alignments: Space 512K, Generation 512K, Heap 2M
 Heap Min Capacity: 100M
 Heap Initial Capacity: 100M
 Heap Max Capacity: 2G
 Pre-touch: Disabled
 Parallel Workers: 8
Heap:
 PSYoungGen      total 2048K, used 1058K [0x00000000d5580000, 0x00000000d5900000, 0x0000000100000000)
  eden space 1536K, 47% used [0x00000000d5580000,0x00000000d5634b18,0x00000000d5700000)
  from space 512K, 65% used [0x00000000d5880000,0x00000000d58d4010,0x00000000d5900000)
  to   space 512K, 0% used [0x00000000d5800000,0x00000000d5800000,0x00000000d5880000)
 ParOldGen       total 549376K, used 548983K [0x0000000080000000, 0x00000000a1880000, 0x00000000d5580000)
  object space 549376K, 99% used [0x0000000080000000,0x00000000a181ddc0,0x00000000a1880000)
 Metaspace       used 76451K, committed 78208K, reserved 1179648K
  class space    used 7912K, committed 8640K, reserved 1048576K
GC Heap History (20 events):
Event: 216.405 GC heap before
{Heap before GC invocations=1633 (full 4):
 PSYoungGen      total 2048K, used 1792K [0x00000000d5580000, 0x00000000d5900000, 0x0000000100000000)
  eden space 1536K, 100% used [0x00000000d5580000,0x00000000d5700000,0x00000000d5700000)
  from space 512K, 50% used [0x00000000d5880000,0x00000000d58c0020,0x00000000d5900000)
  to   space 512K, 0% used [0x00000000d5800000,0x00000000d5800000,0x00000000d5880000)
 ParOldGen       total 541184K, used 540795K [0x0000000080000000, 0x00000000a1080000, 0x00000000d5580000)
  object space 541184K, 99% used [0x0000000080000000,0x00000000a101efa0,0x00000000a1080000)
 Metaspace       used 76267K, committed 78016K, reserved 1179648K
  class space    used 7885K, committed 8640K, reserved 1048576K
}
Event: 216.409 GC heap after
{Heap after GC invocations=1633 (full 4):
 PSYoungGen      total 2048K, used 224K [0x00000000d5580000, 0x00000000d5900000, 0x0000000100000000)
  eden space 1536K, 0% used [0x00000000d5580000,0x00000000d5580000,0x00000000d5700000)
  from space 512K, 43% used [0x00000000d5800000,0x00000000d5838000,0x00000000d5880000)
  to   space 512K, 0% used [0x00000000d5880000,0x00000000d5880000,0x00000000d5900000)
 ParOldGen       total 541184K, used 540923K [0x0000000080000000, 0x00000000a1080000, 0x00000000d5580000)
  object space 541184K, 99% used [0x0000000080000000,0x00000000a103efc0,0x00000000a1080000)
 Metaspace       used 76267K, committed 78016K, reserved 1179648K
  class space    used 7885K, committed 8640K, reserved 1048576K
}
Event: 216.499 GC heap before
{Heap before GC invocations=1634 (full 4):
 PSYoungGen      total 2048K, used 1760K [0x00000000d5580000, 0x00000000d5900000, 0x0000000100000000)
  eden space 1536K, 100% used [0x00000000d5580000,0x00000000d5700000,0x00000000d5700000)
  from space 512K, 43% used [0x00000000d5800000,0x00000000d5838000,0x00000000d5880000)
  to   space 512K, 0% used [0x00000000d5880000,0x00000000d5880000,0x00000000d5900000)
 ParOldGen       total 541184K, used 540923K [0x0000000080000000, 0x00000000a1080000, 0x00000000d5580000)
  object space 541184K, 99% used [0x0000000080000000,0x00000000a103efc0,0x00000000a1080000)
 Metaspace       used 76275K, committed 78016K, reserved 1179648K
  class space    used 7887K, committed 8640K, reserved 1048576K
}
Event: 216.502 GC heap after
{Heap after GC invocations=1634 (full 4):
 PSYoungGen      total 2048K, used 282K [0x00000000d5580000, 0x00000000d5900000, 0x0000000100000000)
  eden space 1536K, 0% used [0x00000000d5580000,0x00000000d5580000,0x00000000d5700000)
  from space 512K, 55% used [0x00000000d5880000,0x00000000d58c6900,0x00000000d5900000)
  to   space 512K, 0% used [0x00000000d5800000,0x00000000d5800000,0x00000000d5880000)
 ParOldGen       total 541184K, used 540979K [0x0000000080000000, 0x00000000a1080000, 0x00000000d5580000)
  object space 541184K, 99% used [0x0000000080000000,0x00000000a104cfc0,0x00000000a1080000)
 Metaspace       used 76275K, committed 78016K, reserved 1179648K
  class space    used 7887K, committed 8640K, reserved 1048576K
}
Event: 216.641 GC heap before
{Heap before GC invocations=1635 (full 4):
 PSYoungGen      total 2048K, used 1787K [0x00000000d5580000, 0x00000000d5900000, 0x0000000100000000)
  eden space 1536K, 98% used [0x00000000d5580000,0x00000000d56f8618,0x00000000d5700000)
  from space 512K, 55% used [0x00000000d5880000,0x00000000d58c6900,0x00000000d5900000)
  to   space 512K, 0% used [0x00000000d5800000,0x00000000d5800000,0x00000000d5880000)
 ParOldGen       total 541184K, used 540979K [0x0000000080000000, 0x00000000a1080000, 0x00000000d5580000)
  object space 541184K, 99% used [0x0000000080000000,0x00000000a104cfc0,0x00000000a1080000)
 Metaspace       used 76275K, committed 78016K, reserved 1179648K
  class space    used 7887K, committed 8640K, reserved 1048576K
}
Event: 216.644 GC heap after
{Heap after GC invocations=1635 (full 4):
 PSYoungGen      total 2048K, used 504K [0x00000000d5580000, 0x00000000d5a00000, 0x0000000100000000)
  eden space 1536K, 0% used [0x00000000d5580000,0x00000000d5580000,0x00000000d5700000)
  from space 512K, 98% used [0x00000000d5800000,0x00000000d587e048,0x00000000d5880000)
  to   space 1536K, 0% used [0x00000000d5880000,0x00000000d5880000,0x00000000d5a00000)
 ParOldGen       total 542208K, used 541696K [0x0000000080000000, 0x00000000a1180000, 0x00000000d5580000)
  object space 542208K, 99% used [0x0000000080000000,0x00000000a1100038,0x00000000a1180000)
 Metaspace       used 76275K, committed 78016K, reserved 1179648K
  class space    used 7887K, committed 8640K, reserved 1048576K
}
Event: 216.829 GC heap before
{Heap before GC invocations=1636 (full 4):
 PSYoungGen      total 2048K, used 2040K [0x00000000d5580000, 0x00000000d5a00000, 0x0000000100000000)
  eden space 1536K, 100% used [0x00000000d5580000,0x00000000d5700000,0x00000000d5700000)
  from space 512K, 98% used [0x00000000d5800000,0x00000000d587e048,0x00000000d5880000)
  to   space 1536K, 0% used [0x00000000d5880000,0x00000000d5880000,0x00000000d5a00000)
 ParOldGen       total 543232K, used 542595K [0x0000000080000000, 0x00000000a1280000, 0x00000000d5580000)
  object space 543232K, 99% used [0x0000000080000000,0x00000000a11e0df0,0x00000000a1280000)
 Metaspace       used 76275K, committed 78016K, reserved 1179648K
  class space    used 7887K, committed 8640K, reserved 1048576K
}
Event: 216.831 GC heap after
{Heap after GC invocations=1636 (full 4):
 PSYoungGen      total 3072K, used 1340K [0x00000000d5580000, 0x00000000d5a00000, 0x0000000100000000)
  eden space 1536K, 0% used [0x00000000d5580000,0x00000000d5580000,0x00000000d5700000)
  from space 1536K, 87% used [0x00000000d5880000,0x00000000d59cf098,0x00000000d5a00000)
  to   space 1536K, 0% used [0x00000000d5700000,0x00000000d5700000,0x00000000d5880000)
 ParOldGen       total 543232K, used 543128K [0x0000000080000000, 0x00000000a1280000, 0x00000000d5580000)
  object space 543232K, 99% used [0x0000000080000000,0x00000000a1266128,0x00000000a1280000)
 Metaspace       used 76275K, committed 78016K, reserved 1179648K
  class space    used 7887K, committed 8640K, reserved 1048576K
}
Event: 216.991 GC heap before
{Heap before GC invocations=1637 (full 4):
 PSYoungGen      total 3072K, used 2876K [0x00000000d5580000, 0x00000000d5a00000, 0x0000000100000000)
  eden space 1536K, 100% used [0x00000000d5580000,0x00000000d5700000,0x00000000d5700000)
  from space 1536K, 87% used [0x00000000d5880000,0x00000000d59cf098,0x00000000d5a00000)
  to   space 1536K, 0% used [0x00000000d5700000,0x00000000d5700000,0x00000000d5880000)
 ParOldGen       total 543232K, used 543128K [0x0000000080000000, 0x00000000a1280000, 0x00000000d5580000)
  object space 543232K, 99% used [0x0000000080000000,0x00000000a1266128,0x00000000a1280000)
 Metaspace       used 76275K, committed 78016K, reserved 1179648K
  class space    used 7887K, committed 8640K, reserved 1048576K
}
Event: 216.994 GC heap after
{Heap after GC invocations=1637 (full 4):
 PSYoungGen      total 3072K, used 1211K [0x00000000d5580000, 0x00000000d5a00000, 0x0000000100000000)
  eden space 1536K, 0% used [0x00000000d5580000,0x00000000d5580000,0x00000000d5700000)
  from space 1536K, 78% used [0x00000000d5700000,0x00000000d582efc8,0x00000000d5880000)
  to   space 1536K, 0% used [0x00000000d5880000,0x00000000d5880000,0x00000000d5a00000)
 ParOldGen       total 544768K, used 544365K [0x0000000080000000, 0x00000000a1400000, 0x00000000d5580000)
  object space 544768K, 99% used [0x0000000080000000,0x00000000a139b740,0x00000000a1400000)
 Metaspace       used 76275K, committed 78016K, reserved 1179648K
  class space    used 7887K, committed 8640K, reserved 1048576K
}
Event: 217.206 GC heap before
{Heap before GC invocations=1638 (full 4):
 PSYoungGen      total 3072K, used 2684K [0x00000000d5580000, 0x00000000d5a00000, 0x0000000100000000)
  eden space 1536K, 95% used [0x00000000d5580000,0x00000000d56f0238,0x00000000d5700000)
  from space 1536K, 78% used [0x00000000d5700000,0x00000000d582efc8,0x00000000d5880000)
  to   space 1536K, 0% used [0x00000000d5880000,0x00000000d5880000,0x00000000d5a00000)
 ParOldGen       total 545792K, used 545142K [0x0000000080000000, 0x00000000a1500000, 0x00000000d5580000)
  object space 545792K, 99% used [0x0000000080000000,0x00000000a145d848,0x00000000a1500000)
 Metaspace       used 76275K, committed 78016K, reserved 1179648K
  class space    used 7887K, committed 8640K, reserved 1048576K
}
Event: 217.209 GC heap after
{Heap after GC invocations=1638 (full 4):
 PSYoungGen      total 3072K, used 1287K [0x00000000d5580000, 0x00000000d5a00000, 0x0000000100000000)
  eden space 1536K, 0% used [0x00000000d5580000,0x00000000d5580000,0x00000000d5700000)
  from space 1536K, 83% used [0x00000000d5880000,0x00000000d59c1ed0,0x00000000d5a00000)
  to   space 1536K, 0% used [0x00000000d5700000,0x00000000d5700000,0x00000000d5880000)
 ParOldGen       total 546304K, used 546246K [0x0000000080000000, 0x00000000a1580000, 0x00000000d5580000)
  object space 546304K, 99% used [0x0000000080000000,0x00000000a1571b98,0x00000000a1580000)
 Metaspace       used 76275K, committed 78016K, reserved 1179648K
  class space    used 7887K, committed 8640K, reserved 1048576K
}
Event: 217.798 GC heap before
{Heap before GC invocations=1639 (full 4):
 PSYoungGen      total 3072K, used 2823K [0x00000000d5580000, 0x00000000d5a00000, 0x0000000100000000)
  eden space 1536K, 100% used [0x00000000d5580000,0x00000000d5700000,0x00000000d5700000)
  from space 1536K, 83% used [0x00000000d5880000,0x00000000d59c1ed0,0x00000000d5a00000)
  to   space 1536K, 0% used [0x00000000d5700000,0x00000000d5700000,0x00000000d5880000)
 ParOldGen       total 546304K, used 546246K [0x0000000080000000, 0x00000000a1580000, 0x00000000d5580000)
  object space 546304K, 99% used [0x0000000080000000,0x00000000a1571b98,0x00000000a1580000)
 Metaspace       used 76350K, committed 78080K, reserved 1179648K
  class space    used 7907K, committed 8640K, reserved 1048576K
}
Event: 217.803 GC heap after
{Heap after GC invocations=1639 (full 4):
 PSYoungGen      total 3072K, used 985K [0x00000000d5580000, 0x00000000d5a00000, 0x0000000100000000)
  eden space 1536K, 0% used [0x00000000d5580000,0x00000000d5580000,0x00000000d5700000)
  from space 1536K, 64% used [0x00000000d5700000,0x00000000d57f64a8,0x00000000d5880000)
  to   space 1536K, 0% used [0x00000000d5880000,0x00000000d5880000,0x00000000d5a00000)
 ParOldGen       total 547840K, used 547385K [0x0000000080000000, 0x00000000a1700000, 0x00000000d5580000)
  object space 547840K, 99% used [0x0000000080000000,0x00000000a168e680,0x00000000a1700000)
 Metaspace       used 76350K, committed 78080K, reserved 1179648K
  class space    used 7907K, committed 8640K, reserved 1048576K
}
Event: 217.910 GC heap before
{Heap before GC invocations=1640 (full 4):
 PSYoungGen      total 3072K, used 2521K [0x00000000d5580000, 0x00000000d5a00000, 0x0000000100000000)
  eden space 1536K, 100% used [0x00000000d5580000,0x00000000d5700000,0x00000000d5700000)
  from space 1536K, 64% used [0x00000000d5700000,0x00000000d57f64a8,0x00000000d5880000)
  to   space 1536K, 0% used [0x00000000d5880000,0x00000000d5880000,0x00000000d5a00000)
 ParOldGen       total 547840K, used 547385K [0x0000000080000000, 0x00000000a1700000, 0x00000000d5580000)
  object space 547840K, 99% used [0x0000000080000000,0x00000000a168e680,0x00000000a1700000)
 Metaspace       used 76350K, committed 78080K, reserved 1179648K
  class space    used 7907K, committed 8640K, reserved 1048576K
}
Event: 217.915 GC heap after
{Heap after GC invocations=1640 (full 4):
 PSYoungGen      total 2560K, used 704K [0x00000000d5580000, 0x00000000d5980000, 0x0000000100000000)
  eden space 1536K, 0% used [0x00000000d5580000,0x00000000d5580000,0x00000000d5700000)
  from space 1024K, 68% used [0x00000000d5880000,0x00000000d5930000,0x00000000d5980000)
  to   space 1024K, 0% used [0x00000000d5780000,0x00000000d5780000,0x00000000d5880000)
 ParOldGen       total 548352K, used 548236K [0x0000000080000000, 0x00000000a1780000, 0x00000000d5580000)
  object space 548352K, 99% used [0x0000000080000000,0x00000000a1763270,0x00000000a1780000)
 Metaspace       used 76350K, committed 78080K, reserved 1179648K
  class space    used 7907K, committed 8640K, reserved 1048576K
}
Event: 346.716 GC heap before
{Heap before GC invocations=1641 (full 4):
 PSYoungGen      total 2560K, used 2240K [0x00000000d5580000, 0x00000000d5980000, 0x0000000100000000)
  eden space 1536K, 100% used [0x00000000d5580000,0x00000000d5700000,0x00000000d5700000)
  from space 1024K, 68% used [0x00000000d5880000,0x00000000d5930000,0x00000000d5980000)
  to   space 1024K, 0% used [0x00000000d5780000,0x00000000d5780000,0x00000000d5880000)
 ParOldGen       total 548352K, used 548236K [0x0000000080000000, 0x00000000a1780000, 0x00000000d5580000)
  object space 548352K, 99% used [0x0000000080000000,0x00000000a1763270,0x00000000a1780000)
 Metaspace       used 76397K, committed 78080K, reserved 1179648K
  class space    used 7910K, committed 8640K, reserved 1048576K
}
Event: 346.880 GC heap after
{Heap after GC invocations=1641 (full 4):
 PSYoungGen      total 2560K, used 352K [0x00000000d5580000, 0x00000000d5900000, 0x0000000100000000)
  eden space 1536K, 0% used [0x00000000d5580000,0x00000000d5580000,0x00000000d5700000)
  from space 1024K, 34% used [0x00000000d5780000,0x00000000d57d8000,0x00000000d5880000)
  to   space 512K, 0% used [0x00000000d5880000,0x00000000d5880000,0x00000000d5900000)
 ParOldGen       total 548864K, used 548783K [0x0000000080000000, 0x00000000a1800000, 0x00000000d5580000)
  object space 548864K, 99% used [0x0000000080000000,0x00000000a17ebdc0,0x00000000a1800000)
 Metaspace       used 76397K, committed 78080K, reserved 1179648K
  class space    used 7910K, committed 8640K, reserved 1048576K
}
Event: 348.621 GC heap before
{Heap before GC invocations=1642 (full 4):
 PSYoungGen      total 2560K, used 1867K [0x00000000d5580000, 0x00000000d5900000, 0x0000000100000000)
  eden space 1536K, 98% used [0x00000000d5580000,0x00000000d56fad78,0x00000000d5700000)
  from space 1024K, 34% used [0x00000000d5780000,0x00000000d57d8000,0x00000000d5880000)
  to   space 512K, 0% used [0x00000000d5880000,0x00000000d5880000,0x00000000d5900000)
 ParOldGen       total 548864K, used 548783K [0x0000000080000000, 0x00000000a1800000, 0x00000000d5580000)
  object space 548864K, 99% used [0x0000000080000000,0x00000000a17ebdc0,0x00000000a1800000)
 Metaspace       used 76429K, committed 78144K, reserved 1179648K
  class space    used 7912K, committed 8640K, reserved 1048576K
}
Event: 348.632 GC heap after
{Heap after GC invocations=1642 (full 4):
 PSYoungGen      total 2048K, used 336K [0x00000000d5580000, 0x00000000d5900000, 0x0000000100000000)
  eden space 1536K, 0% used [0x00000000d5580000,0x00000000d5580000,0x00000000d5700000)
  from space 512K, 65% used [0x00000000d5880000,0x00000000d58d4010,0x00000000d5900000)
  to   space 512K, 0% used [0x00000000d5800000,0x00000000d5800000,0x00000000d5880000)
 ParOldGen       total 549376K, used 548983K [0x0000000080000000, 0x00000000a1880000, 0x00000000d5580000)
  object space 549376K, 99% used [0x0000000080000000,0x00000000a181ddc0,0x00000000a1880000)
 Metaspace       used 76429K, committed 78144K, reserved 1179648K
  class space    used 7912K, committed 8640K, reserved 1048576K
}

