# JRE version: OpenJDK Runtime Environment Temurin-21.0.10+7 (21.0.10+7) (build 21.0.10+7-LTS)
# Java VM: OpenJDK 64-Bit Server VM Temurin-21.0.10+7 (21.0.10+7-LTS, mixed mode, sharing, tiered, compressed oops, compressed class ptrs, parallel gc, windows-amd64)
GC Precious Log:
 CardTable entry size: 512
 CPUs: 8 total, 8 available
 Memory: 5877M
 Large Page Support: Disabled
 NUMA Support: Disabled
 Compressed Oops: Enabled (32-bit)
 Alignments: Space 512K, Generation 512K, Heap 2M
 Heap Min Capacity: 100M
 Heap Initial Capacity: 100M
 Heap Max Capacity: 2G
 Pre-touch: Disabled
 Parallel Workers: 8
Heap:
 PSYoungGen      total 13312K, used 10528K [0x00000000d5580000, 0x00000000d6500000, 0x0000000100000000)
  eden space 12288K, 80% used [0x00000000d5580000,0x00000000d5f26c48,0x00000000d6180000)
  from space 1024K, 62% used [0x00000000d6400000,0x00000000d64a1420,0x00000000d6500000)
  to   space 1024K, 0% used [0x00000000d6300000,0x00000000d6300000,0x00000000d6400000)
 ParOldGen       total 76800K, used 76435K [0x0000000080000000, 0x0000000084b00000, 0x00000000d5580000)
  object space 76800K, 99% used [0x0000000080000000,0x0000000084aa4d50,0x0000000084b00000)
 Metaspace       used 65016K, committed 66624K, reserved 1114112K
  class space    used 6697K, committed 7424K, reserved 1048576K
GC Heap History (20 events):
Event: 80.554 GC heap before
{Heap before GC invocations=60 (full 3):
 PSYoungGen      total 13824K, used 13472K [0x00000000d5580000, 0x00000000d6900000, 0x0000000100000000)
  eden space 12288K, 100% used [0x00000000d5580000,0x00000000d6180000,0x00000000d6180000)
  from space 1536K, 77% used [0x00000000d6780000,0x00000000d68a8000,0x00000000d6900000)
  to   space 1536K, 0% used [0x00000000d6600000,0x00000000d6600000,0x00000000d6780000)
 ParOldGen       total 68608K, used 67981K [0x0000000080000000, 0x0000000084300000, 0x00000000d5580000)
  object space 68608K, 99% used [0x0000000080000000,0x0000000084263608,0x0000000084300000)
 Metaspace       used 61445K, committed 62848K, reserved 1114112K
  class space    used 6350K, committed 6976K, reserved 1048576K
}
Event: 80.556 GC heap after
{Heap after GC invocations=60 (full 3):
 PSYoungGen      total 13312K, used 832K [0x00000000d5580000, 0x00000000d6800000, 0x0000000100000000)
  eden space 12288K, 0% used [0x00000000d5580000,0x00000000d5580000,0x00000000d6180000)
  from space 1024K, 81% used [0x00000000d6600000,0x00000000d66d0000,0x00000000d6700000)
  to   space 1024K, 0% used [0x00000000d6700000,0x00000000d6700000,0x00000000d6800000)
 ParOldGen       total 69120K, used 68961K [0x0000000080000000, 0x0000000084380000, 0x00000000d5580000)
  object space 69120K, 99% used [0x0000000080000000,0x0000000084358618,0x0000000084380000)
 Metaspace       used 61445K, committed 62848K, reserved 1114112K
  class space    used 6350K, committed 6976K, reserved 1048576K
}
Event: 80.979 GC heap before
{Heap before GC invocations=61 (full 3):
 PSYoungGen      total 13312K, used 13120K [0x00000000d5580000, 0x00000000d6800000, 0x0000000100000000)
  eden space 12288K, 100% used [0x00000000d5580000,0x00000000d6180000,0x00000000d6180000)
  from space 1024K, 81% used [0x00000000d6600000,0x00000000d66d0000,0x00000000d6700000)
  to   space 1024K, 0% used [0x00000000d6700000,0x00000000d6700000,0x00000000d6800000)
 ParOldGen       total 69120K, used 68961K [0x0000000080000000, 0x0000000084380000, 0x00000000d5580000)
  object space 69120K, 99% used [0x0000000080000000,0x0000000084358618,0x0000000084380000)
 Metaspace       used 61765K, committed 63104K, reserved 1114112K
  class space    used 6386K, committed 6976K, reserved 1048576K
}
Event: 80.982 GC heap after
{Heap after GC invocations=61 (full 3):
 PSYoungGen      total 13312K, used 1024K [0x00000000d5580000, 0x00000000d6800000, 0x0000000100000000)
  eden space 12288K, 0% used [0x00000000d5580000,0x00000000d5580000,0x00000000d6180000)
  from space 1024K, 100% used [0x00000000d6700000,0x00000000d6800000,0x00000000d6800000)
  to   space 3072K, 0% used [0x00000000d6200000,0x00000000d6200000,0x00000000d6500000)
 ParOldGen       total 70656K, used 70316K [0x0000000080000000, 0x0000000084500000, 0x00000000d5580000)
  object space 70656K, 99% used [0x0000000080000000,0x00000000844ab268,0x0000000084500000)
 Metaspace       used 61765K, committed 63104K, reserved 1114112K
  class space    used 6386K, committed 6976K, reserved 1048576K
}
Event: 82.065 GC heap before
{Heap before GC invocations=62 (full 3):
 PSYoungGen      total 13312K, used 13312K [0x00000000d5580000, 0x00000000d6800000, 0x0000000100000000)
  eden space 12288K, 100% used [0x00000000d5580000,0x00000000d6180000,0x00000000d6180000)
  from space 1024K, 100% used [0x00000000d6700000,0x00000000d6800000,0x00000000d6800000)
  to   space 3072K, 0% used [0x00000000d6200000,0x00000000d6200000,0x00000000d6500000)
 ParOldGen       total 70656K, used 70316K [0x0000000080000000, 0x0000000084500000, 0x00000000d5580000)
  object space 70656K, 99% used [0x0000000080000000,0x00000000844ab268,0x0000000084500000)
 Metaspace       used 61881K, committed 63232K, reserved 1114112K
  class space    used 6386K, committed 6976K, reserved 1048576K
}
Event: 82.068 GC heap after
{Heap after GC invocations=62 (full 3):
 PSYoungGen      total 15360K, used 1152K [0x00000000d5580000, 0x00000000d6780000, 0x0000000100000000)
  eden space 12288K, 0% used [0x00000000d5580000,0x00000000d5580000,0x00000000d6180000)
  from space 3072K, 37% used [0x00000000d6200000,0x00000000d6320000,0x00000000d6500000)
  to   space 2048K, 0% used [0x00000000d6580000,0x00000000d6580000,0x00000000d6780000)
 ParOldGen       total 71680K, used 71344K [0x0000000080000000, 0x0000000084600000, 0x00000000d5580000)
  object space 71680K, 99% used [0x0000000080000000,0x00000000845ac288,0x0000000084600000)
 Metaspace       used 61881K, committed 63232K, reserved 1114112K
  class space    used 6386K, committed 6976K, reserved 1048576K
}
Event: 82.274 GC heap before
{Heap before GC invocations=63 (full 3):
 PSYoungGen      total 15360K, used 13440K [0x00000000d5580000, 0x00000000d6780000, 0x0000000100000000)
  eden space 12288K, 100% used [0x00000000d5580000,0x00000000d6180000,0x00000000d6180000)
  from space 3072K, 37% used [0x00000000d6200000,0x00000000d6320000,0x00000000d6500000)
  to   space 2048K, 0% used [0x00000000d6580000,0x00000000d6580000,0x00000000d6780000)
 ParOldGen       total 71680K, used 71344K [0x0000000080000000, 0x0000000084600000, 0x00000000d5580000)
  object space 71680K, 99% used [0x0000000080000000,0x00000000845ac288,0x0000000084600000)
 Metaspace       used 61952K, committed 63296K, reserved 1114112K
  class space    used 6386K, committed 6976K, reserved 1048576K
}
Event: 82.277 GC heap after
{Heap after GC invocations=63 (full 3):
 PSYoungGen      total 13312K, used 832K [0x00000000d5580000, 0x00000000d6680000, 0x0000000100000000)
  eden space 12288K, 0% used [0x00000000d5580000,0x00000000d5580000,0x00000000d6180000)
  from space 1024K, 81% used [0x00000000d6580000,0x00000000d6650020,0x00000000d6680000)
  to   space 1024K, 0% used [0x00000000d6480000,0x00000000d6480000,0x00000000d6580000)
 ParOldGen       total 72704K, used 72368K [0x0000000080000000, 0x0000000084700000, 0x00000000d5580000)
  object space 72704K, 99% used [0x0000000080000000,0x00000000846ac288,0x0000000084700000)
 Metaspace       used 61952K, committed 63296K, reserved 1114112K
  class space    used 6386K, committed 6976K, reserved 1048576K
}
Event: 82.467 GC heap before
{Heap before GC invocations=64 (full 3):
 PSYoungGen      total 13312K, used 13120K [0x00000000d5580000, 0x00000000d6680000, 0x0000000100000000)
  eden space 12288K, 100% used [0x00000000d5580000,0x00000000d6180000,0x00000000d6180000)
  from space 1024K, 81% used [0x00000000d6580000,0x00000000d6650020,0x00000000d6680000)
  to   space 1024K, 0% used [0x00000000d6480000,0x00000000d6480000,0x00000000d6580000)
 ParOldGen       total 72704K, used 72368K [0x0000000080000000, 0x0000000084700000, 0x00000000d5580000)
  object space 72704K, 99% used [0x0000000080000000,0x00000000846ac288,0x0000000084700000)
 Metaspace       used 62046K, committed 63424K, reserved 1114112K
  class space    used 6389K, committed 6976K, reserved 1048576K
}
Event: 82.469 GC heap after
{Heap after GC invocations=64 (full 3):
 PSYoungGen      total 13312K, used 992K [0x00000000d5580000, 0x00000000d6600000, 0x0000000100000000)
  eden space 12288K, 0% used [0x00000000d5580000,0x00000000d5580000,0x00000000d6180000)
  from space 1024K, 96% used [0x00000000d6480000,0x00000000d6578020,0x00000000d6580000)
  to   space 512K, 0% used [0x00000000d6580000,0x00000000d6580000,0x00000000d6600000)
 ParOldGen       total 73216K, used 73107K [0x0000000080000000, 0x0000000084780000, 0x00000000d5580000)
  object space 73216K, 99% used [0x0000000080000000,0x0000000084764d50,0x0000000084780000)
 Metaspace       used 62046K, committed 63424K, reserved 1114112K
  class space    used 6389K, committed 6976K, reserved 1048576K
}
Event: 83.137 GC heap before
{Heap before GC invocations=65 (full 3):
 PSYoungGen      total 13312K, used 13265K [0x00000000d5580000, 0x00000000d6600000, 0x0000000100000000)
  eden space 12288K, 99% used [0x00000000d5580000,0x00000000d617c5d0,0x00000000d6180000)
  from space 1024K, 96% used [0x00000000d6480000,0x00000000d6578020,0x00000000d6580000)
  to   space 512K, 0% used [0x00000000d6580000,0x00000000d6580000,0x00000000d6600000)
 ParOldGen       total 73216K, used 73107K [0x0000000080000000, 0x0000000084780000, 0x00000000d5580000)
  object space 73216K, 99% used [0x0000000080000000,0x0000000084764d50,0x0000000084780000)
 Metaspace       used 62128K, committed 63488K, reserved 1114112K
  class space    used 6391K, committed 6976K, reserved 1048576K
}
Event: 83.139 GC heap after
{Heap after GC invocations=65 (full 3):
 PSYoungGen      total 12800K, used 512K [0x00000000d5580000, 0x00000000d6600000, 0x0000000100000000)
  eden space 12288K, 0% used [0x00000000d5580000,0x00000000d5580000,0x00000000d6180000)
  from space 512K, 100% used [0x00000000d6580000,0x00000000d6600000,0x00000000d6600000)
  to   space 1536K, 0% used [0x00000000d6300000,0x00000000d6300000,0x00000000d6480000)
 ParOldGen       total 74240K, used 73819K [0x0000000080000000, 0x0000000084880000, 0x00000000d5580000)
  object space 74240K, 99% used [0x0000000080000000,0x0000000084816d50,0x0000000084880000)
 Metaspace       used 62128K, committed 63488K, reserved 1114112K
  class space    used 6391K, committed 6976K, reserved 1048576K
}
Event: 83.384 GC heap before
{Heap before GC invocations=66 (full 3):
 PSYoungGen      total 12800K, used 12800K [0x00000000d5580000, 0x00000000d6600000, 0x0000000100000000)
  eden space 12288K, 100% used [0x00000000d5580000,0x00000000d6180000,0x00000000d6180000)
  from space 512K, 100% used [0x00000000d6580000,0x00000000d6600000,0x00000000d6600000)
  to   space 1536K, 0% used [0x00000000d6300000,0x00000000d6300000,0x00000000d6480000)
 ParOldGen       total 74240K, used 73819K [0x0000000080000000, 0x0000000084880000, 0x00000000d5580000)
  object space 74240K, 99% used [0x0000000080000000,0x0000000084816d50,0x0000000084880000)
 Metaspace       used 62228K, committed 63552K, reserved 1114112K
  class space    used 6391K, committed 6976K, reserved 1048576K
}
Event: 83.385 GC heap after
{Heap after GC invocations=66 (full 3):
 PSYoungGen      total 13824K, used 864K [0x00000000d5580000, 0x00000000d6600000, 0x0000000100000000)
  eden space 12288K, 0% used [0x00000000d5580000,0x00000000d5580000,0x00000000d6180000)
  from space 1536K, 56% used [0x00000000d6300000,0x00000000d63d8000,0x00000000d6480000)
  to   space 1536K, 0% used [0x00000000d6480000,0x00000000d6480000,0x00000000d6600000)
 ParOldGen       total 74752K, used 74267K [0x0000000080000000, 0x0000000084900000, 0x00000000d5580000)
  object space 74752K, 99% used [0x0000000080000000,0x0000000084886d50,0x0000000084900000)
 Metaspace       used 62228K, committed 63552K, reserved 1114112K
  class space    used 6391K, committed 6976K, reserved 1048576K
}
Event: 86.439 GC heap before
{Heap before GC invocations=67 (full 3):
 PSYoungGen      total 13824K, used 13152K [0x00000000d5580000, 0x00000000d6600000, 0x0000000100000000)
  eden space 12288K, 100% used [0x00000000d5580000,0x00000000d6180000,0x00000000d6180000)
  from space 1536K, 56% used [0x00000000d6300000,0x00000000d63d8000,0x00000000d6480000)
  to   space 1536K, 0% used [0x00000000d6480000,0x00000000d6480000,0x00000000d6600000)
 ParOldGen       total 74752K, used 74267K [0x0000000080000000, 0x0000000084900000, 0x00000000d5580000)
  object space 74752K, 99% used [0x0000000080000000,0x0000000084886d50,0x0000000084900000)
 Metaspace       used 62788K, committed 64256K, reserved 1114112K
  class space    used 6460K, committed 7104K, reserved 1048576K
}
Event: 86.442 GC heap after
{Heap after GC invocations=67 (full 3):
 PSYoungGen      total 13312K, used 1008K [0x00000000d5580000, 0x00000000d6580000, 0x0000000100000000)
  eden space 12288K, 0% used [0x00000000d5580000,0x00000000d5580000,0x00000000d6180000)
  from space 1024K, 98% used [0x00000000d6480000,0x00000000d657c010,0x00000000d6580000)
  to   space 1536K, 0% used [0x00000000d6280000,0x00000000d6280000,0x00000000d6400000)
 ParOldGen       total 75264K, used 74915K [0x0000000080000000, 0x0000000084980000, 0x00000000d5580000)
  object space 75264K, 99% used [0x0000000080000000,0x0000000084928d50,0x0000000084980000)
 Metaspace       used 62788K, committed 64256K, reserved 1114112K
  class space    used 6460K, committed 7104K, reserved 1048576K
}
Event: 88.484 GC heap before
{Heap before GC invocations=68 (full 3):
 PSYoungGen      total 13312K, used 13296K [0x00000000d5580000, 0x00000000d6580000, 0x0000000100000000)
  eden space 12288K, 100% used [0x00000000d5580000,0x00000000d6180000,0x00000000d6180000)
  from space 1024K, 98% used [0x00000000d6480000,0x00000000d657c010,0x00000000d6580000)
  to   space 1536K, 0% used [0x00000000d6280000,0x00000000d6280000,0x00000000d6400000)
 ParOldGen       total 75264K, used 74915K [0x0000000080000000, 0x0000000084980000, 0x00000000d5580000)
  object space 75264K, 99% used [0x0000000080000000,0x0000000084928d50,0x0000000084980000)
 Metaspace       used 63070K, committed 64512K, reserved 1114112K
  class space    used 6497K, committed 7104K, reserved 1048576K
}
Event: 88.487 GC heap after
{Heap after GC invocations=68 (full 3):
 PSYoungGen      total 13824K, used 960K [0x00000000d5580000, 0x00000000d6500000, 0x0000000100000000)
  eden space 12288K, 0% used [0x00000000d5580000,0x00000000d5580000,0x00000000d6180000)
  from space 1536K, 62% used [0x00000000d6280000,0x00000000d6370000,0x00000000d6400000)
  to   space 1024K, 0% used [0x00000000d6400000,0x00000000d6400000,0x00000000d6500000)
 ParOldGen       total 75776K, used 75675K [0x0000000080000000, 0x0000000084a00000, 0x00000000d5580000)
  object space 75776K, 99% used [0x0000000080000000,0x00000000849e6d50,0x0000000084a00000)
 Metaspace       used 63070K, committed 64512K, reserved 1114112K
  class space    used 6497K, committed 7104K, reserved 1048576K
}
Event: 90.683 GC heap before
{Heap before GC invocations=69 (full 3):
 PSYoungGen      total 13824K, used 13248K [0x00000000d5580000, 0x00000000d6500000, 0x0000000100000000)
  eden space 12288K, 100% used [0x00000000d5580000,0x00000000d6180000,0x00000000d6180000)
  from space 1536K, 62% used [0x00000000d6280000,0x00000000d6370000,0x00000000d6400000)
  to   space 1024K, 0% used [0x00000000d6400000,0x00000000d6400000,0x00000000d6500000)
 ParOldGen       total 75776K, used 75675K [0x0000000080000000, 0x0000000084a00000, 0x00000000d5580000)
  object space 75776K, 99% used [0x0000000080000000,0x00000000849e6d50,0x0000000084a00000)
 Metaspace       used 64187K, committed 65664K, reserved 1114112K
  class space    used 6608K, committed 7296K, reserved 1048576K
}
Event: 90.685 GC heap after
{Heap after GC invocations=69 (full 3):
 PSYoungGen      total 13312K, used 645K [0x00000000d5580000, 0x00000000d6500000, 0x0000000100000000)
  eden space 12288K, 0% used [0x00000000d5580000,0x00000000d5580000,0x00000000d6180000)
  from space 1024K, 62% used [0x00000000d6400000,0x00000000d64a1420,0x00000000d6500000)
  to   space 1024K, 0% used [0x00000000d6300000,0x00000000d6300000,0x00000000d6400000)
 ParOldGen       total 76800K, used 76435K [0x0000000080000000, 0x0000000084b00000, 0x00000000d5580000)
  object space 76800K, 99% used [0x0000000080000000,0x0000000084aa4d50,0x0000000084b00000)
 Metaspace       used 64187K, committed 65664K, reserved 1114112K
  class space    used 6608K, committed 7296K, reserved 1048576K
}

